<?xml version="1.0" encoding="UTF-8"?>
<testng-results ignored="0" total="1" passed="1" failed="0" skipped="0">
  <reporter-output>
  </reporter-output>
  <suite started-at="2023-09-27T12:05:12 IST" name="Suite" finished-at="2023-09-27T12:05:28 IST" duration-ms="15708">
    <groups>
    </groups>
    <test started-at="2023-09-27T12:05:12 IST" name="Testng" finished-at="2023-09-27T12:05:28 IST" duration-ms="15708">
      <class name="testcase.TC_001_AccRegTest">
        <test-method is-config="true" signature="setup(java.lang.String)[pri:0, instance:testcase.TC_001_AccRegTest@7dcf94f8]" started-at="2023-09-27T12:05:13 IST" name="setup" finished-at="2023-09-27T12:05:17 IST" duration-ms="3920" status="PASS">
          <params>
            <param index="0">
              <value>
                <![CDATA[chrome]]>
              </value>
            </param>
          </params>
          <reporter-output>
          </reporter-output>
        </test-method> <!-- setup -->
        <test-method signature="test_account_Registration()[pri:0, instance:testcase.TC_001_AccRegTest@7dcf94f8]" started-at="2023-09-27T12:05:17 IST" name="test_account_Registration" finished-at="2023-09-27T12:05:28 IST" duration-ms="11243" status="PASS">
          <reporter-output>
          </reporter-output>
        </test-method> <!-- test_account_Registration -->
        <test-method is-config="true" signature="teardown()[pri:0, instance:testcase.TC_001_AccRegTest@7dcf94f8]" started-at="2023-09-27T12:05:28 IST" name="teardown" finished-at="2023-09-27T12:05:28 IST" duration-ms="239" status="PASS">
          <reporter-output>
          </reporter-output>
        </test-method> <!-- teardown -->
      </class> <!-- testcase.TC_001_AccRegTest -->
    </test> <!-- Testng -->
  </suite> <!-- Suite -->
</testng-results>
